<?xml version="1.0" encoding="UTF-8"?>
<!-- Generated by org.testng.reporters.JUnitXMLReporter -->
<testsuite ignored="0" hostname="Laptop-GC" failures="1" tests="1" name="Test" time="0.239" errors="0" timestamp="2025-12-02T14:45:03 IST">
  <testcase classname="Coursera_TestClass.TestData" name="runCompleteFlow" time="0.153">
    <failure type="java.lang.NullPointerException" message="Cannot invoke &amp;quot;org.openqa.selenium.WebDriver.manage()&amp;quot; because &amp;quot;this.driver&amp;quot; is null">
      <![CDATA[java.lang.NullPointerException: Cannot invoke "org.openqa.selenium.WebDriver.manage()" because "this.driver" is null
at Coursera_BaseClasses.PageBaseClass.invokeBrowser(PageBaseClass.java:37)
at Coursera_TestClass.TestData.runCompleteFlow(TestData.java:21)
at java.base/java.util.ArrayList.forEach(ArrayList.java:1596)
... Removed 25 stack frames]]>
    </failure>
  </testcase> <!-- runCompleteFlow -->
</testsuite> <!-- Test -->
