<?xml version="1.0" encoding="UTF-8"?>
<testng-results ignored="0" total="1" passed="1" failed="0" skipped="0">
  <reporter-output>
  </reporter-output>
  <suite started-at="2025-12-09T13:24:17 IST" name="Default suite" finished-at="2025-12-09T13:26:15 IST" duration-ms="118628">
    <groups>
    </groups>
    <test started-at="2025-12-09T13:24:17 IST" name="Default test" finished-at="2025-12-09T13:26:15 IST" duration-ms="118628">
      <class name="Coursera_TestClass.TestClass">
        <test-method signature="coursera()[pri:0, instance:Coursera_TestClass.TestClass@593aaf41]" started-at="2025-12-09T13:24:17 IST" name="coursera" finished-at="2025-12-09T13:26:15 IST" duration-ms="118009" status="PASS">
          <reporter-output>
          </reporter-output>
        </test-method> <!-- coursera -->
        <test-method is-config="true" signature="flush()[pri:0, instance:Coursera_TestClass.TestClass@593aaf41]" started-at="2025-12-09T13:26:15 IST" name="flush" finished-at="2025-12-09T13:26:15 IST" duration-ms="542" status="PASS">
          <reporter-output>
          </reporter-output>
        </test-method> <!-- flush -->
      </class> <!-- Coursera_TestClass.TestClass -->
    </test> <!-- Default test -->
  </suite> <!-- Default suite -->
</testng-results>
